<?xml version="1.0" encoding="UTF-8"?>
<!-- Generated by org.testng.reporters.JUnitReportReporter -->
<testsuite hostname="Ajit_Choudhary" failures="0" tests="1" name="maven_code.LoginTo_Amazon" time="7.299" errors="0" timestamp="2025-06-13T21:32:16 IST" skipped="0">
  <testcase classname="maven_code.LoginTo_Amazon" name="LoginToAmazon" time="7.299"/>
</testsuite> <!-- maven_code.LoginTo_Amazon -->
