<?xml version="1.0" encoding="UTF-8"?>
<!-- Generated by org.testng.reporters.JUnitReportReporter -->
<testsuite hostname="Ajit_Choudhary" failures="0" tests="1" name="maven_code2.JSExcutr_Scrollup2_Down2_Amazon" time="7.471" errors="0" timestamp="2025-06-01T12:44:36 IST" skipped="0">
  <testcase classname="maven_code2.JSExcutr_Scrollup2_Down2_Amazon" name="Search_WithOutSendKeys" time="7.471"/>
</testsuite> <!-- maven_code2.JSExcutr_Scrollup2_Down2_Amazon -->
