<?xml version="1.0" encoding="UTF-8"?>
<!-- Generated by org.testng.reporters.JUnitReportReporter -->
<testsuite hostname="Ajit_Choudhary" failures="0" tests="1" name="maven_code2.Maximize_LaunchAmazon" time="16.759" errors="0" timestamp="2025-05-30T17:35:20 IST" skipped="0">
  <testcase classname="maven_code2.Maximize_LaunchAmazon" name="HeadlessBrowser" time="16.759"/>
</testsuite> <!-- maven_code2.Maximize_LaunchAmazon -->
