<?xml version="1.0" encoding="UTF-8"?>
<!-- Generated by org.testng.reporters.JUnitReportReporter -->
<testsuite hostname="Ajit_Choudhary" failures="0" tests="1" name="maven_code.LoginTo_Amazon" time="4.510" errors="0" timestamp="2025-05-13T20:01:11 IST" skipped="0">
  <testcase classname="maven_code.LoginTo_Amazon" name="LoginToAmazon" time="4.510"/>
</testsuite> <!-- maven_code.LoginTo_Amazon -->
