<?xml version="1.0" encoding="UTF-8"?>
<!-- Generated by org.testng.reporters.JUnitReportReporter -->
<testsuite hostname="Ajit_Choudhary" failures="0" tests="1" name="maven_code1.Broken_Links_GroTechMinds" time="10.553" errors="0" timestamp="2025-05-20T22:28:46 IST" skipped="0">
  <testcase classname="maven_code1.Broken_Links_GroTechMinds" name="GTMBrokenLinks" time="10.553"/>
</testsuite> <!-- maven_code1.Broken_Links_GroTechMinds -->
