<?xml version="1.0" encoding="UTF-8"?>
<!-- Generated by org.testng.reporters.JUnitReportReporter -->
<testsuite hostname="Ajit_Choudhary" failures="0" tests="1" name="maven_code2.JSExcutr_Disabled_GTM_JSAM" time="2.387" errors="0" timestamp="2025-06-15T15:39:53 IST" skipped="0">
  <testcase classname="maven_code2.JSExcutr_Disabled_GTM_JSAM" name="JSE_Perform_OnDisabled" time="2.387"/>
</testsuite> <!-- maven_code2.JSExcutr_Disabled_GTM_JSAM -->
