<?xml version="1.0" encoding="UTF-8"?>
<!-- Generated by org.testng.reporters.JUnitReportReporter -->
<testsuite hostname="Ajit_Choudhary" failures="0" tests="2" name="maven_code.Launch_QuitBrowsr_TestCase2" time="83.583" errors="0" timestamp="2025-05-12T15:24:07 IST" skipped="0">
  <testcase classname="maven_code.Launch_QuitBrowsr_TestCase2" name="LoginoAmazon" time="41.677"/>
  <testcase classname="maven_code.Launch_QuitBrowsr_TestCase2" name="LoginoAmazon" time="41.906"/>
</testsuite> <!-- maven_code.Launch_QuitBrowsr_TestCase2 -->
