<?xml version="1.0" encoding="UTF-8"?>
<!-- Generated by org.testng.reporters.JUnitReportReporter -->
<testsuite hostname="Ajit_Choudhary" failures="0" tests="1" name="maven_code2.TC1_LoginToFaceBook_RightCred" time="4.026" errors="0" timestamp="2025-05-25T18:37:19 IST" skipped="0">
  <testcase classname="maven_code2.TC1_LoginToFaceBook_RightCred" name="FBLogin_RightCred" time="4.026"/>
</testsuite> <!-- maven_code2.TC1_LoginToFaceBook_RightCred -->
