<?xml version="1.0" encoding="UTF-8"?>
<!-- Generated by org.testng.reporters.JUnitReportReporter -->
<testsuite hostname="Ajit_Choudhary" failures="0" tests="1" name="maven_code2.IncognitoMode_Amazon" time="14.701" errors="0" timestamp="2025-06-15T15:21:32 IST" skipped="0">
  <testcase classname="maven_code2.IncognitoMode_Amazon" name="Amazon_Incognito" time="14.701"/>
</testsuite> <!-- maven_code2.IncognitoMode_Amazon -->
