<?xml version="1.0" encoding="UTF-8"?>
<!-- Generated by org.testng.reporters.JUnitReportReporter -->
<testsuite hostname="Ajit_Choudhary" failures="0" tests="1" name="maven_code2.JSExcutr_ShadowDom_Element_AirIndia" time="8.933" errors="0" timestamp="2025-06-01T13:13:11 IST" skipped="0">
  <testcase classname="maven_code2.JSExcutr_ShadowDom_Element_AirIndia" name="ShadowDom_Elmnt_AirIndia" time="8.933"/>
</testsuite> <!-- maven_code2.JSExcutr_ShadowDom_Element_AirIndia -->
