<?xml version="1.0" encoding="UTF-8"?>
<!-- Generated by org.testng.reporters.JUnitReportReporter -->
<testsuite hostname="Ajit_Choudhary" failures="0" tests="1" name="maven_code2.IncognitoMode_Google" time="10.078" errors="0" timestamp="2025-05-30T16:51:46 IST" skipped="0">
  <testcase classname="maven_code2.IncognitoMode_Google" name="HeadlessBrowser" time="10.078"/>
</testsuite> <!-- maven_code2.IncognitoMode_Google -->
