<?xml version="1.0" encoding="UTF-8"?>
<!-- Generated by org.testng.reporters.JUnitReportReporter -->
<testsuite hostname="Ajit_Choudhary" failures="0" tests="2" name="maven_code.ParallelBrowsrTsting_Logintofacebook" time="33.821" errors="0" timestamp="2025-05-12T10:52:04 IST" skipped="0">
  <testcase classname="maven_code.ParallelBrowsrTsting_Logintofacebook" name="LaunchBrowser" time="15.391"/>
  <testcase classname="maven_code.ParallelBrowsrTsting_Logintofacebook" name="LaunchBrowser" time="18.430"/>
</testsuite> <!-- maven_code.ParallelBrowsrTsting_Logintofacebook -->
