<?xml version="1.0" encoding="UTF-8"?>
<!-- Generated by org.testng.reporters.JUnitReportReporter -->
<testsuite hostname="Ajit_Choudhary" failures="0" tests="1" name="maven_code2.Disable_Infobar_Amazon" time="19.591" errors="0" timestamp="2025-05-30T17:43:42 IST" skipped="0">
  <testcase classname="maven_code2.Disable_Infobar_Amazon" name="HeadlessBrowser" time="19.591"/>
</testsuite> <!-- maven_code2.Disable_Infobar_Amazon -->
