<?xml version="1.0" encoding="UTF-8"?>
<!-- Generated by org.testng.reporters.JUnitReportReporter -->
<testsuite hostname="Ajit_Choudhary" failures="0" tests="1" name="maven_code2.A_Explicit_Wait" time="0.010" errors="0" timestamp="2025-05-24T17:40:18 IST" skipped="0">
  <testcase classname="maven_code2.A_Explicit_Wait" name="explicitwait" time="0.010"/>
</testsuite> <!-- maven_code2.A_Explicit_Wait -->
