<?xml version="1.0" encoding="UTF-8"?>
<!-- Generated by org.testng.reporters.JUnitReportReporter -->
<testsuite hostname="Ajit_Choudhary" failures="0" tests="2" name="maven_code.Launch_QuitBrowsr_TestCase1" time="67.081" errors="0" timestamp="2025-05-12T15:24:07 IST" skipped="0">
  <testcase classname="maven_code.Launch_QuitBrowsr_TestCase1" name="LoginoAmazon" time="40.598"/>
  <testcase classname="maven_code.Launch_QuitBrowsr_TestCase1" name="LoginoAmazon" time="26.483"/>
</testsuite> <!-- maven_code.Launch_QuitBrowsr_TestCase1 -->
