<?xml version="1.0" encoding="UTF-8"?>
<!-- Generated by org.testng.reporters.JUnitReportReporter -->
<testsuite hostname="Ajit_Choudhary" failures="0" tests="1" name="maven_code1.Amazon_LoginAddCart_LogOut_Assertion_HardAssert" time="36.537" errors="0" timestamp="2025-05-18T10:28:23 IST" skipped="0">
  <testcase classname="maven_code1.Amazon_LoginAddCart_LogOut_Assertion_HardAssert" name="AmazonAddCartLogOut" time="36.537"/>
</testsuite> <!-- maven_code1.Amazon_LoginAddCart_LogOut_Assertion_HardAssert -->
