<?xml version="1.0" encoding="UTF-8"?>
<!-- Generated by org.testng.reporters.JUnitReportReporter -->
<testsuite hostname="Ajit_Choudhary" failures="0" tests="1" name="maven_code1.AmazonLogin_AddtoWishList_LogOut_Assertion_SoftAsrt" time="57.066" errors="0" timestamp="2025-05-23T21:52:58 IST" skipped="0">
  <testcase classname="maven_code1.AmazonLogin_AddtoWishList_LogOut_Assertion_SoftAsrt" name="LoginToAmazon" time="57.066"/>
</testsuite> <!-- maven_code1.AmazonLogin_AddtoWishList_LogOut_Assertion_SoftAsrt -->
