<?xml version="1.0" encoding="UTF-8"?>
<!-- Generated by org.testng.reporters.JUnitReportReporter -->
<testsuite hostname="Ajit_Choudhary" failures="0" tests="4" name="maven_code.CrossBrowsrtsting_LogintoFacebook" time="167.038" errors="0" timestamp="2025-05-17T16:51:10 IST" skipped="0">
  <testcase classname="maven_code.CrossBrowsrtsting_LogintoFacebook" name="LaunchBrowser" time="41.856"/>
  <testcase classname="maven_code.CrossBrowsrtsting_LogintoFacebook" name="LaunchBrowser" time="40.540"/>
  <testcase classname="maven_code.CrossBrowsrtsting_LogintoFacebook" name="LaunchBrowser" time="42.374"/>
  <testcase classname="maven_code.CrossBrowsrtsting_LogintoFacebook" name="LaunchBrowser" time="42.268"/>
</testsuite> <!-- maven_code.CrossBrowsrtsting_LogintoFacebook -->
