<?xml version="1.0" encoding="UTF-8"?>
<!-- Generated by org.testng.reporters.JUnitReportReporter -->
<testsuite hostname="Ajit_Choudhary" failures="0" tests="5" name="maven_code.Is_copyFrom_IsDisplayed_Priority_OrangeHRM_Tstcse2" time="32.285" errors="0" timestamp="2025-05-14T23:42:28 IST" skipped="0">
  <testcase classname="maven_code.Is_copyFrom_IsDisplayed_Priority_OrangeHRM_Tstcse2" name="OrangeHrmLaunch" time="6.009"/>
  <testcase classname="maven_code.Is_copyFrom_IsDisplayed_Priority_OrangeHRM_Tstcse2" name="logocheck" time="2.121"/>
  <testcase classname="maven_code.Is_copyFrom_IsDisplayed_Priority_OrangeHRM_Tstcse2" name="login" time="11.247"/>
  <testcase classname="maven_code.Is_copyFrom_IsDisplayed_Priority_OrangeHRM_Tstcse2" name="Logout" time="7.305"/>
  <testcase classname="maven_code.Is_copyFrom_IsDisplayed_Priority_OrangeHRM_Tstcse2" name="closeApp" time="5.603"/>
</testsuite> <!-- maven_code.Is_copyFrom_IsDisplayed_Priority_OrangeHRM_Tstcse2 -->
