<?xml version="1.0" encoding="UTF-8"?>
<!-- Generated by org.testng.reporters.JUnitReportReporter -->
<testsuite hostname="Ajit_Choudhary" failures="0" tests="1" name="maven_code1.Broken_Links_Amazon_Protocol_DomainName" time="51.714" errors="0" timestamp="2025-05-25T13:10:12 IST" skipped="0">
  <testcase classname="maven_code1.Broken_Links_Amazon_Protocol_DomainName" name="AmazonBrokenLinks" time="51.714"/>
</testsuite> <!-- maven_code1.Broken_Links_Amazon_Protocol_DomainName -->
