<?xml version="1.0" encoding="UTF-8"?>
<!-- Generated by org.testng.reporters.JUnitReportReporter -->
<testsuite hostname="Ajit_Choudhary" failures="0" tests="2" name="maven_code.Grouping_TestCases" time="0.018" errors="0" timestamp="2025-05-12T16:01:13 IST" skipped="0">
  <testcase classname="maven_code.Grouping_TestCases" name="testcase1" time="0.016"/>
  <testcase classname="maven_code.Grouping_TestCases" name="testcase3" time="0.002"/>
</testsuite> <!-- maven_code.Grouping_TestCases -->
