<?xml version="1.0" encoding="UTF-8"?>
<!-- Generated by org.testng.reporters.JUnitReportReporter -->
<testsuite hostname="Ajit_Choudhary" failures="0" tests="1" name="maven_code1.Google_Assertion_HardAssert" time="5.705" errors="0" timestamp="2025-05-17T23:33:45 IST" skipped="0">
  <testcase classname="maven_code1.Google_Assertion_HardAssert" name="Google" time="5.705"/>
</testsuite> <!-- maven_code1.Google_Assertion_HardAssert -->
