<?xml version="1.0" encoding="UTF-8"?>
<!-- Generated by org.testng.reporters.JUnitReportReporter -->
<testsuite hostname="Ajit_Choudhary" failures="0" tests="1" name="maven_code2.JSExcutr_Search2_Amazon" time="7.470" errors="0" timestamp="2025-06-01T11:40:08 IST" skipped="0">
  <testcase classname="maven_code2.JSExcutr_Search2_Amazon" name="Search_WithOutSendKeys" time="7.470"/>
</testsuite> <!-- maven_code2.JSExcutr_Search2_Amazon -->
