<?xml version="1.0" encoding="UTF-8"?>
<!-- Generated by org.testng.reporters.JUnitReportReporter -->
<testsuite hostname="Ajit_Choudhary" failures="0" tests="1" name="maven_code.Grouping_TestCases_MltplClses5" time="0.002" errors="0" timestamp="2025-05-12T16:49:53 IST" skipped="0">
  <testcase classname="maven_code.Grouping_TestCases_MltplClses5" name="testcase5" time="0.002"/>
</testsuite> <!-- maven_code.Grouping_TestCases_MltplClses5 -->
