<?xml version="1.0" encoding="UTF-8"?>
<!-- Generated by org.testng.reporters.JUnitReportReporter -->
<testsuite hostname="Ajit_Choudhary" failures="0" tests="2" name="maven_code.WebDriver_Launch" time="18.301" errors="0" timestamp="2025-05-11T18:45:28 IST" skipped="0">
  <testcase classname="maven_code.WebDriver_Launch" name="LaunchBrowser1" time="8.486"/>
  <testcase classname="maven_code.WebDriver_Launch" name="LaunchBrowser" time="9.815"/>
</testsuite> <!-- maven_code.WebDriver_Launch -->
