<?xml version="1.0" encoding="UTF-8"?>
<!-- Generated by org.testng.reporters.JUnitReportReporter -->
<testsuite hostname="Ajit_Choudhary" failures="0" tests="1" name="maven_code.LoginTo_Amazon" time="7.744" errors="0" timestamp="2025-06-25T23:46:39 IST" skipped="0">
  <testcase classname="maven_code.LoginTo_Amazon" name="LoginToAmazon" time="7.744"/>
</testsuite> <!-- maven_code.LoginTo_Amazon -->
