<?xml version="1.0" encoding="UTF-8"?>
<!-- Generated by org.testng.reporters.JUnitReportReporter -->
<testsuite hostname="Ajit_Choudhary" failures="0" tests="2" name="maven_code.ParallelBrowsrTsting_LogintoAmazon" time="54.582" errors="0" timestamp="2025-05-12T10:49:06 IST" skipped="0">
  <testcase classname="maven_code.ParallelBrowsrTsting_LogintoAmazon" name="LaunchBrowser" time="26.266"/>
  <testcase classname="maven_code.ParallelBrowsrTsting_LogintoAmazon" name="LaunchBrowser" time="28.316"/>
</testsuite> <!-- maven_code.ParallelBrowsrTsting_LogintoAmazon -->
