<?xml version="1.0" encoding="UTF-8"?>
<!-- Generated by org.testng.reporters.JUnitReportReporter -->
<testsuite hostname="Ajit_Choudhary" failures="0" tests="1" name="maven_code.AmazonLogin_AddtoWishList_LogOut" time="53.458" errors="0" timestamp="2025-05-14T22:24:44 IST" skipped="0">
  <testcase classname="maven_code.AmazonLogin_AddtoWishList_LogOut" name="LoginToAmazon" time="53.458"/>
</testsuite> <!-- maven_code.AmazonLogin_AddtoWishList_LogOut -->
