<?xml version="1.0" encoding="UTF-8"?>
<!-- Generated by org.testng.reporters.JUnitReportReporter -->
<testsuite hostname="Ajit_Choudhary" failures="0" tests="2" name="maven_code.Depends_on_Methods" time="0.084" errors="1" timestamp="2025-05-17T16:55:11 IST" skipped="1">
  <testcase classname="maven_code.Depends_on_Methods" name="LoginToAmazon" time="0.084">
    <error message="Method maven_code.Depends_on_Methods.LoginToAmazon() didn&#039;t finish within the time-out 50" type="org.testng.internal.thread.ThreadTimeoutException">
      <![CDATA[org.testng.internal.thread.ThreadTimeoutException: Method maven_code.Depends_on_Methods.LoginToAmazon() didn't finish within the time-out 50
at java.logging@17.0.11/java.util.logging.Level.<init>(Level.java:248)
at java.logging@17.0.11/java.util.logging.Level.<init>(Level.java:233)
at java.logging@17.0.11/java.util.logging.Level.<clinit>(Level.java:114)
at java.logging@17.0.11/java.util.logging.Logger.<clinit>(Logger.java:224)
at app//org.openqa.selenium.remote.RemoteWebDriver.<clinit>(RemoteWebDriver.java:112)
at app//maven_code.Depends_on_Methods.LoginToAmazon(Depends_on_Methods.java:14)
at java.base@17.0.11/jdk.internal.reflect.NativeMethodAccessorImpl.invoke0(Native Method)
at java.base@17.0.11/jdk.internal.reflect.NativeMethodAccessorImpl.invoke(NativeMethodAccessorImpl.java:77)
at java.base@17.0.11/jdk.internal.reflect.DelegatingMethodAccessorImpl.invoke(DelegatingMethodAccessorImpl.java:43)
at java.base@17.0.11/java.lang.reflect.Method.invoke(Method.java:568)
at app//org.testng.internal.invokers.MethodInvocationHelper.invokeMethod(MethodInvocationHelper.java:141)
at app//org.testng.internal.invokers.InvokeMethodRunnable.runOne(InvokeMethodRunnable.java:47)
at app//org.testng.internal.invokers.InvokeMethodRunnable.call(InvokeMethodRunnable.java:76)
at app//org.testng.internal.invokers.InvokeMethodRunnable.call(InvokeMethodRunnable.java:11)
at java.base@17.0.11/java.util.concurrent.FutureTask.run(FutureTask.java:264)
at java.base@17.0.11/java.util.concurrent.ThreadPoolExecutor.runWorker(ThreadPoolExecutor.java:1136)
at java.base@17.0.11/java.util.concurrent.ThreadPoolExecutor$Worker.run(ThreadPoolExecutor.java:635)
at java.base@17.0.11/java.lang.Thread.run(Thread.java:840)
]]>
    </error>
  </testcase> <!-- LoginToAmazon -->
  <testcase classname="maven_code.Depends_on_Methods" name="LogOutFromAmazon" time="0.000">
    <skipped/>
  </testcase> <!-- LogOutFromAmazon -->
</testsuite> <!-- maven_code.Depends_on_Methods -->
