<?xml version="1.0" encoding="UTF-8"?>
<!-- Generated by org.testng.reporters.JUnitReportReporter -->
<testsuite hostname="Ajit_Choudhary" failures="0" tests="1" name="maven_code2.JSExcutr_IFrame_Elmnt_HDFCbank" time="4.333" errors="0" timestamp="2025-06-01T14:09:26 IST" skipped="0">
  <testcase classname="maven_code2.JSExcutr_IFrame_Elmnt_HDFCbank" name="IFrame_HdfcBank" time="4.333"/>
</testsuite> <!-- maven_code2.JSExcutr_IFrame_Elmnt_HDFCbank -->
