<?xml version="1.0" encoding="UTF-8"?>
<!-- Generated by org.testng.reporters.JUnitReportReporter -->
<testsuite hostname="Ajit_Choudhary" failures="0" tests="1" name="maven_code2.HeadLess_ModeBrowser_GTM" time="11.218" errors="0" timestamp="2025-05-25T20:41:31 IST" skipped="0">
  <testcase classname="maven_code2.HeadLess_ModeBrowser_GTM" name="HeadlessBrowser" time="11.218"/>
</testsuite> <!-- maven_code2.HeadLess_ModeBrowser_GTM -->
