<?xml version="1.0" encoding="UTF-8"?>
<!-- Generated by org.testng.reporters.JUnitReportReporter -->
<testsuite hostname="Ajit_Choudhary" failures="0" tests="1" name="maven_code2.Disable_InfoBar_Google" time="9.785" errors="0" timestamp="2025-06-15T15:27:41 IST" skipped="0">
  <testcase classname="maven_code2.Disable_InfoBar_Google" name="DisableInfo_Google" time="9.785"/>
</testsuite> <!-- maven_code2.Disable_InfoBar_Google -->
