<?xml version="1.0" encoding="UTF-8"?>
<!-- Generated by org.testng.reporters.JUnitReportReporter -->
<testsuite hostname="Ajit_Choudhary" failures="0" tests="2" name="maven_code.WebDriver_Launch_2Test" time="31.695" errors="0" timestamp="2025-05-12T00:45:46 IST" skipped="0">
  <testcase classname="maven_code.WebDriver_Launch_2Test" name="LaunchBrowser" time="20.289"/>
  <testcase classname="maven_code.WebDriver_Launch_2Test" name="LaunchBrowser1" time="11.406"/>
</testsuite> <!-- maven_code.WebDriver_Launch_2Test -->
