<?xml version="1.0" encoding="UTF-8"?>
<!-- Generated by org.testng.reporters.JUnitReportReporter -->
<testsuite hostname="Ajit_Choudhary" failures="0" tests="4" name="maven_code.CrossAndParallel_IsDisplayed_BrowsTesting" time="174.489" errors="0" timestamp="2025-05-13T16:14:07 IST" skipped="0">
  <testcase classname="maven_code.CrossAndParallel_IsDisplayed_BrowsTesting" name="LoginToAmazon" time="43.857"/>
  <testcase classname="maven_code.CrossAndParallel_IsDisplayed_BrowsTesting" name="LoginToAmazon" time="42.369"/>
  <testcase classname="maven_code.CrossAndParallel_IsDisplayed_BrowsTesting" name="LoginToAmazon" time="45.115"/>
  <testcase classname="maven_code.CrossAndParallel_IsDisplayed_BrowsTesting" name="LoginToAmazon" time="43.148"/>
</testsuite> <!-- maven_code.CrossAndParallel_IsDisplayed_BrowsTesting -->
