<?xml version="1.0" encoding="UTF-8"?>
<!-- Generated by org.testng.reporters.JUnitReportReporter -->
<testsuite hostname="Ajit_Choudhary" failures="0" tests="3" name="maven_code.WebDriver_Launch_1Test" time="43.752" errors="0" timestamp="2025-05-12T01:02:24 IST" skipped="0">
  <testcase classname="maven_code.WebDriver_Launch_1Test" name="LaunchBrowser" time="16.086"/>
  <testcase classname="maven_code.WebDriver_Launch_1Test" name="LaunchBrowser" time="16.644"/>
  <testcase classname="maven_code.WebDriver_Launch_1Test" name="LaunchBrowser" time="11.022"/>
</testsuite> <!-- maven_code.WebDriver_Launch_1Test -->
