<?xml version="1.0" encoding="UTF-8"?>
<!-- Generated by org.testng.reporters.JUnitReportReporter -->
<testsuite hostname="Ajit_Choudhary" failures="0" tests="1" name="maven_code.Grouping_TestCases_MltplClses1" time="0.018" errors="0" timestamp="2025-05-12T16:40:26 IST" skipped="0">
  <testcase classname="maven_code.Grouping_TestCases_MltplClses1" name="testcase1" time="0.018"/>
</testsuite> <!-- maven_code.Grouping_TestCases_MltplClses1 -->
