<?xml version="1.0" encoding="UTF-8"?>
<!-- Generated by org.testng.reporters.JUnitReportReporter -->
<testsuite hostname="Ajit_Choudhary" failures="0" tests="1" name="maven_code1.AmazonLaunch_Search_Assertion_TstPass" time="16.212" errors="0" timestamp="2025-05-17T12:56:50 IST" skipped="0">
  <testcase classname="maven_code1.AmazonLaunch_Search_Assertion_TstPass" name="AmazonPhonePage" time="16.212"/>
</testsuite> <!-- maven_code1.AmazonLaunch_Search_Assertion_TstPass -->
