<?xml version="1.0" encoding="UTF-8"?>
<!-- Generated by org.testng.reporters.JUnitReportReporter -->
<testsuite hostname="Ajit_Choudhary" failures="0" tests="1" name="maven_code2.TC5_LoginTo_Amazon_FindBrokenLinks_LogOut" time="80.792" errors="0" timestamp="2025-05-26T21:15:04 IST" skipped="0">
  <testcase classname="maven_code2.TC5_LoginTo_Amazon_FindBrokenLinks_LogOut" name="LoginToAmazon_FindBrokenLinks_AndLogOut" time="80.792"/>
  <system-out>
    <![CDATA[Browser Is Launched Sucessfully
Browser Is Closed Sucessfully
Browser Is Launched Sucessfully
Browser Is Closed Sucessfully
Browser Is Launched Sucessfully
Browser Is Closed Sucessfully
Browser Is Launched Sucessfully
Browser Is Closed Sucessfully
Browser Is Launched Sucessfully
Browser Is Closed Sucessfully]]>
  </system-out>
</testsuite> <!-- maven_code2.TC5_LoginTo_Amazon_FindBrokenLinks_LogOut -->
