<?xml version="1.0" encoding="UTF-8"?>
<!-- Generated by org.testng.reporters.JUnitReportReporter -->
<testsuite hostname="Ajit_Choudhary" failures="0" tests="1" name="maven_code2.Maximize_LaunchGoogle" time="9.516" errors="0" timestamp="2025-06-15T15:25:40 IST" skipped="0">
  <testcase classname="maven_code2.Maximize_LaunchGoogle" name="Launch_MaximizeGoogle" time="9.516"/>
</testsuite> <!-- maven_code2.Maximize_LaunchGoogle -->
