<?xml version="1.0" encoding="UTF-8"?>
<!-- Generated by org.testng.reporters.JUnitReportReporter -->
<testsuite hostname="Ajit_Choudhary" failures="0" tests="1" name="maven_code1.Amazon_Login_AssertHard_TstPass" time="13.673" errors="0" timestamp="2025-05-17T14:40:40 IST" skipped="0">
  <testcase classname="maven_code1.Amazon_Login_AssertHard_TstPass" name="AmazonLoginPage" time="13.673"/>
</testsuite> <!-- maven_code1.Amazon_Login_AssertHard_TstPass -->
