<?xml version="1.0" encoding="UTF-8"?>
<!-- Generated by org.testng.reporters.JUnitReportReporter -->
<testsuite hostname="Ajit_Choudhary" failures="0" tests="1" name="maven_code2.JSExcutr_Search1_Amazon" time="8.909" errors="0" timestamp="2025-06-01T11:34:42 IST" skipped="0">
  <testcase classname="maven_code2.JSExcutr_Search1_Amazon" name="Search_WithOutSendKeys" time="8.909"/>
</testsuite> <!-- maven_code2.JSExcutr_Search1_Amazon -->
