<?xml version="1.0" encoding="UTF-8"?>
<!-- Generated by org.testng.reporters.JUnitReportReporter -->
<testsuite hostname="Ajit_Choudhary" failures="0" tests="10" name="maven_code.DataProvider_Annot_AmazonSearch" time="123.431" errors="0" timestamp="2025-05-12T23:52:22 IST" skipped="0">
  <testcase classname="maven_code.DataProvider_Annot_AmazonSearch" name="SearchOnAmazon" time="11.997"/>
  <testcase classname="maven_code.DataProvider_Annot_AmazonSearch" name="SearchOnAmazon" time="13.851"/>
  <testcase classname="maven_code.DataProvider_Annot_AmazonSearch" name="SearchOnAmazon" time="14.624"/>
  <testcase classname="maven_code.DataProvider_Annot_AmazonSearch" name="SearchOnAmazon" time="12.115"/>
  <testcase classname="maven_code.DataProvider_Annot_AmazonSearch" name="SearchOnAmazon" time="10.224"/>
  <testcase classname="maven_code.DataProvider_Annot_AmazonSearch" name="SearchOnAmazon" time="12.357"/>
  <testcase classname="maven_code.DataProvider_Annot_AmazonSearch" name="SearchOnAmazon" time="13.828"/>
  <testcase classname="maven_code.DataProvider_Annot_AmazonSearch" name="SearchOnAmazon" time="11.481"/>
  <testcase classname="maven_code.DataProvider_Annot_AmazonSearch" name="SearchOnAmazon" time="10.495"/>
  <testcase classname="maven_code.DataProvider_Annot_AmazonSearch" name="SearchOnAmazon" time="12.459"/>
</testsuite> <!-- maven_code.DataProvider_Annot_AmazonSearch -->
