<?xml version="1.0" encoding="UTF-8"?>
<!-- Generated by org.testng.reporters.JUnitReportReporter -->
<testsuite hostname="Ajit_Choudhary" failures="0" tests="1" name="maven_code.Testing_Annotations" time="0.014" errors="0" timestamp="2025-05-09T01:07:40 IST" skipped="0">
  <testcase classname="maven_code.Testing_Annotations" name="testcase1" time="0.014"/>
</testsuite> <!-- maven_code.Testing_Annotations -->
