<?xml version="1.0" encoding="UTF-8"?>
<!-- Generated by org.testng.reporters.JUnitReportReporter -->
<testsuite hostname="Ajit_Choudhary" failures="0" tests="1" name="maven_code2.JSExcutr_Disabled_GTM_JSAM" time="1.976" errors="0" timestamp="2025-06-01T12:21:02 IST" skipped="0">
  <testcase classname="maven_code2.JSExcutr_Disabled_GTM_JSAM" name="JSE_Perform_OnDisabled" time="1.976"/>
</testsuite> <!-- maven_code2.JSExcutr_Disabled_GTM_JSAM -->
