<?xml version="1.0" encoding="UTF-8"?>
<!-- Generated by org.testng.reporters.JUnitReportReporter -->
<testsuite hostname="Ajit_Choudhary" failures="0" tests="1" name="maven_code1.Broken_Links_Google" time="28.257" errors="0" timestamp="2025-05-20T21:36:11 IST" skipped="0">
  <testcase classname="maven_code1.Broken_Links_Google" name="GoogleBrokenLinks" time="28.257"/>
</testsuite> <!-- maven_code1.Broken_Links_Google -->
