<?xml version="1.0" encoding="UTF-8"?>
<!-- Generated by org.testng.reporters.JUnitReportReporter -->
<testsuite hostname="Ajit_Choudhary" failures="0" tests="1" name="maven_code1.Listeners_ScreenShot_AmazonAuto_Logic_Pass" time="21.799" errors="0" timestamp="2025-05-19T16:57:33 IST" skipped="0">
  <testcase classname="maven_code1.Listeners_ScreenShot_AmazonAuto_Logic_Pass" name="AmazonSShotListnrs" time="21.799">
    <system-out>
      <![CDATA[Test Case Is pass]]>
    </system-out>
  </testcase> <!-- AmazonSShotListnrs -->
  <system-out>
    <![CDATA[Test Case Is pass]]>
  </system-out>
</testsuite> <!-- maven_code1.Listeners_ScreenShot_AmazonAuto_Logic_Pass -->
