<?xml version="1.0" encoding="UTF-8"?>
<!-- Generated by org.testng.reporters.JUnitReportReporter -->
<testsuite hostname="Ajit_Choudhary" failures="0" tests="3" name="maven_code.practice" time="0.026" errors="0" timestamp="2025-05-17T16:05:49 IST" skipped="0">
  <testcase classname="maven_code.practice" name="logout" time="0.013"/>
  <testcase classname="maven_code.practice" name="login" time="0.002"/>
  <testcase classname="maven_code.practice" name="registry" time="0.011"/>
</testsuite> <!-- maven_code.practice -->
