<?xml version="1.0" encoding="UTF-8"?>
<!-- Generated by org.testng.reporters.JUnitReportReporter -->
<testsuite hostname="Ajit_Choudhary" failures="0" tests="1" name="maven_code1.Amazon_LoginAddCart_Assertion_HardAssert" time="24.355" errors="0" timestamp="2025-05-18T09:27:16 IST" skipped="0">
  <testcase classname="maven_code1.Amazon_LoginAddCart_Assertion_HardAssert" name="AmazonAddToCart" time="24.355"/>
</testsuite> <!-- maven_code1.Amazon_LoginAddCart_Assertion_HardAssert -->
