<?xml version="1.0" encoding="UTF-8"?>
<!-- Generated by org.testng.reporters.JUnitReportReporter -->
<testsuite hostname="Ajit_Choudhary" failures="0" tests="1" name="maven_code2.HeadLess_ModeBrowser_Google" time="13.235" errors="0" timestamp="2025-06-15T15:15:48 IST" skipped="0">
  <testcase classname="maven_code2.HeadLess_ModeBrowser_Google" name="HeadlessBrowser" time="13.235"/>
</testsuite> <!-- maven_code2.HeadLess_ModeBrowser_Google -->
