<?xml version="1.0" encoding="UTF-8"?>
<!-- Generated by org.testng.reporters.JUnitReportReporter -->
<testsuite hostname="Ajit_Choudhary" failures="0" tests="2" name="maven_code.CrossBrowsrTsting_LogintoAmazon" time="44.146" errors="0" timestamp="2025-05-12T10:13:28 IST" skipped="0">
  <testcase classname="maven_code.CrossBrowsrTsting_LogintoAmazon" name="LaunchBrowser" time="22.746"/>
  <testcase classname="maven_code.CrossBrowsrTsting_LogintoAmazon" name="LaunchBrowser" time="21.400"/>
</testsuite> <!-- maven_code.CrossBrowsrTsting_LogintoAmazon -->
