<?xml version="1.0" encoding="UTF-8"?>
<!-- Generated by org.testng.reporters.JUnitReportReporter -->
<testsuite hostname="Ajit_Choudhary" failures="0" tests="2" name="maven_code.CrossBrowsrTsting_LogintoAmazon" time="56.116" errors="0" timestamp="2025-06-12T22:11:38 IST" skipped="0">
  <testcase classname="maven_code.CrossBrowsrTsting_LogintoAmazon" name="LaunchBrowser" time="27.434"/>
  <testcase classname="maven_code.CrossBrowsrTsting_LogintoAmazon" name="LaunchBrowser" time="28.682"/>
</testsuite> <!-- maven_code.CrossBrowsrTsting_LogintoAmazon -->
