<?xml version="1.0" encoding="UTF-8"?>
<!-- Generated by org.testng.reporters.JUnitReportReporter -->
<testsuite hostname="Ajit_Choudhary" failures="0" tests="2" name="maven_code.Launch_QuitBrowsr_TestCase1" time="45.738" errors="0" timestamp="2025-06-02T22:50:51 IST" skipped="0">
  <testcase classname="maven_code.Launch_QuitBrowsr_TestCase1" name="LoginoAmazon" time="21.628"/>
  <testcase classname="maven_code.Launch_QuitBrowsr_TestCase1" name="LoginoAmazon" time="24.110"/>
</testsuite> <!-- maven_code.Launch_QuitBrowsr_TestCase1 -->
