<?xml version="1.0" encoding="UTF-8"?>
<!-- Generated by org.testng.reporters.JUnitReportReporter -->
<testsuite hostname="Ajit_Choudhary" failures="0" tests="2" name="maven_code.WebDriver_Launch_2Test" time="71.251" errors="0" timestamp="2025-06-02T16:24:25 IST" skipped="0">
  <testcase classname="maven_code.WebDriver_Launch_2Test" name="LaunchBrowser1" time="52.811"/>
  <testcase classname="maven_code.WebDriver_Launch_2Test" name="LaunchBrowser" time="18.440"/>
</testsuite> <!-- maven_code.WebDriver_Launch_2Test -->
