<?xml version="1.0" encoding="UTF-8"?>
<!-- Generated by org.testng.reporters.JUnitReportReporter -->
<testsuite hostname="Ajit_Choudhary" failures="0" tests="1" name="maven_code.WebDriver_Launch_1Test" time="16.320" errors="0" timestamp="2025-06-02T16:24:25 IST" skipped="0">
  <testcase classname="maven_code.WebDriver_Launch_1Test" name="LaunchBrowser" time="16.320"/>
</testsuite> <!-- maven_code.WebDriver_Launch_1Test -->
